c:\users\rsung\documents\github\firstd2\firstd2\firstd2\debug\vc120.pdb
c:\users\rsung\documents\github\firstd2\firstd2\firstd2\debug\vc120.idb
c:\users\rsung\documents\github\firstd2\firstd2\firstd2\debug\entity.obj
c:\users\rsung\documents\github\firstd2\firstd2\firstd2\debug\game.obj
c:\users\rsung\documents\github\firstd2\firstd2\firstd2\debug\graphics.obj
c:\users\rsung\documents\github\firstd2\firstd2\firstd2\debug\image.obj
c:\users\rsung\documents\github\firstd2\firstd2\firstd2\debug\input.obj
c:\users\rsung\documents\github\firstd2\firstd2\firstd2\debug\link.obj
c:\users\rsung\documents\github\firstd2\firstd2\firstd2\debug\zeldarogue.obj
c:\users\rsung\documents\github\firstd2\firstd2\firstd2\debug\texturemanager.obj
c:\users\rsung\documents\github\firstd2\firstd2\firstd2\debug\winmain.obj
c:\users\rsung\documents\github\firstd2\firstd2\debug\firstd2.ilk
c:\users\rsung\documents\github\firstd2\firstd2\debug\firstd2.exe
c:\users\rsung\documents\github\firstd2\firstd2\debug\firstd2.pdb
c:\users\rsung\documents\github\firstd2\firstd2\firstd2\debug\firstd2.tlog\cl.command.1.tlog
c:\users\rsung\documents\github\firstd2\firstd2\firstd2\debug\firstd2.tlog\cl.read.1.tlog
c:\users\rsung\documents\github\firstd2\firstd2\firstd2\debug\firstd2.tlog\cl.write.1.tlog
c:\users\rsung\documents\github\firstd2\firstd2\firstd2\debug\firstd2.tlog\link.command.1.tlog
c:\users\rsung\documents\github\firstd2\firstd2\firstd2\debug\firstd2.tlog\link.read.1.tlog
c:\users\rsung\documents\github\firstd2\firstd2\firstd2\debug\firstd2.tlog\link.write.1.tlog
