Build started 8/14/2015 11:49:21 AM.
     1>Project "C:\Users\rsung\Documents\GitHub\FirstD2\FIrstD2\FIrstD2\FIrstD2.vcxproj" on node 2 (Build target(s)).
     1>ClCompile:
         C:\Program Files (x86)\Microsoft Visual Studio 12.0\VC\bin\CL.exe /c /ZI /nologo /W3 /WX- /sdl /Od /Oy- /D _MBCS /Gm /EHsc /RTC1 /MDd /GS /fp:precise /Zc:wchar_t /Zc:forScope /Fo"Debug\\" /Fd"Debug\vc120.pdb" /Gd /TP /analyze- /errorReport:prompt src\Entity.cpp src\Link.cpp src\Octorok.cpp src\ZeldaRogue.cpp src\winmain.cpp
         Entity.cpp
         Generating Code...
         Compiling...
         Octorok.cpp
         Link.cpp
         Generating Code...
         Skipping... (no relevant changes detected)
         winmain.cpp
         ZeldaRogue.cpp
       Link:
         C:\Program Files (x86)\Microsoft Visual Studio 12.0\VC\bin\link.exe /ERRORREPORT:PROMPT /OUT:"C:\Users\rsung\Documents\GitHub\FirstD2\FIrstD2\Debug\FIrstD2.exe" /INCREMENTAL /NOLOGO winmm.lib d3d9.lib xinput.lib d3dx9.lib kernel32.lib user32.lib gdi32.lib winspool.lib comdlg32.lib advapi32.lib shell32.lib ole32.lib oleaut32.lib uuid.lib odbc32.lib odbccp32.lib /MANIFEST /MANIFESTUAC:"level='asInvoker' uiAccess='false'" /manifest:embed /DEBUG /PDB:"C:\Users\rsung\Documents\GitHub\FirstD2\FIrstD2\Debug\FIrstD2.pdb" /TLBID:1 /DYNAMICBASE /NXCOMPAT /IMPLIB:"C:\Users\rsung\Documents\GitHub\FirstD2\FIrstD2\Debug\FIrstD2.lib" /MACHINE:X86 Debug\Entity.obj
         Debug\game.obj
         Debug\graphics.obj
         Debug\image.obj
         Debug\input.obj
         Debug\Link.obj
         Debug\Octorok.obj
         Debug\ZeldaRogue.obj
         Debug\textureManager.obj
         Debug\winmain.obj
         FIrstD2.vcxproj -> C:\Users\rsung\Documents\GitHub\FirstD2\FIrstD2\Debug\FIrstD2.exe
     1>Done Building Project "C:\Users\rsung\Documents\GitHub\FirstD2\FIrstD2\FIrstD2\FIrstD2.vcxproj" (Build target(s)).

Build succeeded.

Time Elapsed 00:00:04.58
