Build started 7/23/2015 11:55:37 AM.
     1>Project "C:\Users\rsung\Documents\GitHub\FirstD2\FIrstD2\FIrstD2\FIrstD2.vcxproj" on node 2 (Build target(s)).
     1>ClCompile:
         C:\Program Files (x86)\Microsoft Visual Studio 12.0\VC\bin\CL.exe /c /Zi /nologo /W3 /WX- /sdl /O2 /Oi /Oy- /GL /D _MBCS /Gm- /EHsc /MT /GS /Gy /fp:precise /Zc:wchar_t /Zc:forScope /Fo"Release\\" /Fd"Release\vc120.pdb" /Gd /TP /analyze- /errorReport:prompt src\Entity.cpp src\game.cpp src\graphics.cpp src\image.cpp src\input.cpp src\Link.cpp src\ZeldaRogue.cpp src\textureManager.cpp src\winmain.cpp
         Entity.cpp
         game.cpp
         graphics.cpp
         image.cpp
         input.cpp
         Link.cpp
         ZeldaRogue.cpp
         textureManager.cpp
         winmain.cpp
       Link:
         C:\Program Files (x86)\Microsoft Visual Studio 12.0\VC\bin\link.exe /ERRORREPORT:PROMPT /OUT:"C:\Users\rsung\Documents\GitHub\FirstD2\FIrstD2\Release\FIrstD2.exe" /NOLOGO winmm.lib d3d9.lib xinput.lib d3dx9.lib kernel32.lib user32.lib gdi32.lib winspool.lib comdlg32.lib advapi32.lib shell32.lib ole32.lib oleaut32.lib uuid.lib odbc32.lib odbccp32.lib /MANIFEST /MANIFESTUAC:"level='asInvoker' uiAccess='false'" /manifest:embed /DEBUG /PDB:"C:\Users\rsung\Documents\GitHub\FirstD2\FIrstD2\Release\FIrstD2.pdb" /OPT:REF /OPT:ICF /LTCG /TLBID:1 /DYNAMICBASE /NXCOMPAT /IMPLIB:"C:\Users\rsung\Documents\GitHub\FirstD2\FIrstD2\Release\FIrstD2.lib" /MACHINE:X86 /SAFESEH Release\Entity.obj
         Release\game.obj
         Release\graphics.obj
         Release\image.obj
         Release\input.obj
         Release\Link.obj
         Release\ZeldaRogue.obj
         Release\textureManager.obj
         Release\winmain.obj
         Generating code
         Finished generating code
         FIrstD2.vcxproj -> C:\Users\rsung\Documents\GitHub\FirstD2\FIrstD2\Release\FIrstD2.exe
     1>Done Building Project "C:\Users\rsung\Documents\GitHub\FirstD2\FIrstD2\FIrstD2\FIrstD2.vcxproj" (Build target(s)).

Build succeeded.

Time Elapsed 00:00:09.47
